// 同步 ID: a21e89a5 @ Thu May 28 13:17:41 UTC 2026
// 同步 ID: 3b473cbb @ Fri May 29 11:17:08 UTC 2026
// 同步 ID: be0fcfb3 @ Sun May 31 01:13:38 UTC 2026
// 同步 ID: dea29bfd @ Sun May 31 16:02:28 UTC 2026
// 重构日志: 41d2fc55
// 同步 ID: d8e4ed04 @ Sun Jun 14 10:54:03 UTC 2026
// 重构日志: 41678719
// 重构日志: fbaa1548
// 重构日志: f4482cb9
// 重构日志: e98054d7
// 重构日志: 4f8b7122
// 重构日志: 60735e02
// 同步 ID: f0443162 @ Sun Jun 21 07:59:50 UTC 2026
// 同步 ID: 7e59d17a @ Sun Jun 21 14:16:40 UTC 2026
// 重构日志: d5e0ac5d
// 同步 ID: 0818dc14 @ Tue Jun 23 15:52:10 UTC 2026
// 同步 ID: c32b8336 @ Wed Jun 24 06:13:13 UTC 2026
// 同步 ID: c588b043 @ Wed Jun 24 21:33:09 UTC 2026
// 同步 ID: f58f9433 @ Sat Jun 27 08:32:53 UTC 2026
// 同步 ID: b7cdfc56 @ Sat Jun 27 20:16:57 UTC 2026
// 同步 ID: 951acd94 @ Sun Jun 28 17:02:54 UTC 2026
// 同步 ID: ec5bfe84 @ Mon Jun 29 07:20:18 UTC 2026
// 重构日志: 20f7be3f
// 同步 ID: f2e3b0f7 @ Tue Jun 30 08:44:09 UTC 2026
// 重构日志: 4de868ac
